<?xml version="1.0" encoding="UTF-8"?>
<!-- Generated by org.testng.reporters.JUnitReportReporter -->
<testsuite hostname="ASDW0060" name="com.qait.automation.Hris_Via_Pom.Test_Hris" tests="3" failures="0" timestamp="20 Jun 2018 14:22:14 GMT" time="4.676" errors="0">
  <testcase name="attempt_Login_With_Incorrect_Password_Should_Render_Error_Message" time="0.616" classname="com.qait.automation.Hris_Via_Pom.Test_Hris"/>
  <testcase name="attempt_Login_With_No_Password_Should_Annotate_Black_Password_Field" time="0.209" classname="com.qait.automation.Hris_Via_Pom.Test_Hris"/>
  <testcase name="Attempt_Login_With_correct_Credentials" time="3.851" classname="com.qait.automation.Hris_Via_Pom.Test_Hris"/>
</testsuite> <!-- com.qait.automation.Hris_Via_Pom.Test_Hris -->
