<?xml version="1.0" encoding="UTF-8"?>
<!-- Generated by org.testng.reporters.JUnitReportReporter -->
<testsuite hostname="ASDW0060" name="com.qait.automation.Tatoc_Via_Maven.AppTest" tests="1" failures="0" timestamp="19 Jun 2018 08:04:17 GMT" time="0.010" errors="0">
  <testcase name="dostuff" time="0.010" classname="com.qait.automation.Tatoc_Via_Maven.AppTest"/>
</testsuite>
